INFO - 10/21/22 10:12:22 - 0:00:00 - ============ Initialized logger ============
INFO - 10/21/22 10:12:22 - 0:00:00 - arch: resnet50
                                     base_lr: 0.03
                                     batch_size: 256
                                     checkpoint_freq: 25
                                     crops_for_assign: [0, 1]
                                     data_path: /path/to/imagenet
                                     dist_url: env://
                                     dump_checkpoints: ./checkpoints
                                     dump_path: .
                                     epoch_queue_starts: 15
                                     epochs: 100
                                     epsilon: 0.05
                                     feat_dim: 128
                                     final_lr: 0
                                     freeze_prototypes_niters: 313
                                     hidden_mlp: 2048
                                     local_rank: 0
                                     max_scale_crops: [1]
                                     min_scale_crops: [0.14]
                                     nmb_crops: [2]
                                     nmb_prototypes: 3000
                                     queue_length: 0
                                     rank: 0
                                     seed: 31
                                     sinkhorn_iterations: 3
                                     size_crops: [224]
                                     start_warmup: 0
                                     sync_bn: pytorch
                                     syncbn_process_group_size: 8
                                     temperature: 0.1
                                     use_fp16: True
                                     warmup_epochs: 10
                                     wd: 0.0001
                                     workers: 10
                                     world_size: -1
INFO - 10/21/22 10:12:22 - 0:00:00 - The experiment will be stored in .
                                     

INFO - 10/21/22 10:12:50 - 0:00:00 - ============ Initialized logger ============
INFO - 10/21/22 10:12:50 - 0:00:00 - arch: resnet50
                                     base_lr: 0.03
                                     batch_size: 256
                                     checkpoint_freq: 25
                                     crops_for_assign: [0, 1]
                                     data_path: /datasets/imagenet
                                     dist_url: env://
                                     dump_checkpoints: ./checkpoints
                                     dump_path: .
                                     epoch_queue_starts: 15
                                     epochs: 100
                                     epsilon: 0.05
                                     feat_dim: 128
                                     final_lr: 0
                                     freeze_prototypes_niters: 313
                                     hidden_mlp: 2048
                                     local_rank: 0
                                     max_scale_crops: [1]
                                     min_scale_crops: [0.14]
                                     nmb_crops: [2]
                                     nmb_prototypes: 3000
                                     queue_length: 0
                                     rank: 0
                                     seed: 31
                                     sinkhorn_iterations: 3
                                     size_crops: [224]
                                     start_warmup: 0
                                     sync_bn: pytorch
                                     syncbn_process_group_size: 8
                                     temperature: 0.1
                                     use_fp16: True
                                     warmup_epochs: 10
                                     wd: 0.0001
                                     workers: 10
                                     world_size: -1
INFO - 10/21/22 10:12:50 - 0:00:00 - The experiment will be stored in .
                                     

INFO - 10/21/22 10:13:02 - 0:00:00 - ============ Initialized logger ============
INFO - 10/21/22 10:13:02 - 0:00:00 - arch: resnet50
                                     base_lr: 0.03
                                     batch_size: 256
                                     checkpoint_freq: 25
                                     crops_for_assign: [0, 1]
                                     data_path: datasets/imagenet
                                     dist_url: env://
                                     dump_checkpoints: ./checkpoints
                                     dump_path: .
                                     epoch_queue_starts: 15
                                     epochs: 100
                                     epsilon: 0.05
                                     feat_dim: 128
                                     final_lr: 0
                                     freeze_prototypes_niters: 313
                                     hidden_mlp: 2048
                                     local_rank: 0
                                     max_scale_crops: [1]
                                     min_scale_crops: [0.14]
                                     nmb_crops: [2]
                                     nmb_prototypes: 3000
                                     queue_length: 0
                                     rank: 0
                                     seed: 31
                                     sinkhorn_iterations: 3
                                     size_crops: [224]
                                     start_warmup: 0
                                     sync_bn: pytorch
                                     syncbn_process_group_size: 8
                                     temperature: 0.1
                                     use_fp16: True
                                     warmup_epochs: 10
                                     wd: 0.0001
                                     workers: 10
                                     world_size: -1
INFO - 10/21/22 10:13:02 - 0:00:00 - The experiment will be stored in .
                                     

INFO - 10/21/22 10:13:18 - 0:00:00 - ============ Initialized logger ============
INFO - 10/21/22 10:13:18 - 0:00:00 - arch: resnet50
                                     base_lr: 0.03
                                     batch_size: 256
                                     checkpoint_freq: 25
                                     crops_for_assign: [0, 1]
                                     data_path: ./datasets/imagenet
                                     dist_url: env://
                                     dump_checkpoints: ./checkpoints
                                     dump_path: .
                                     epoch_queue_starts: 15
                                     epochs: 100
                                     epsilon: 0.05
                                     feat_dim: 128
                                     final_lr: 0
                                     freeze_prototypes_niters: 313
                                     hidden_mlp: 2048
                                     local_rank: 0
                                     max_scale_crops: [1]
                                     min_scale_crops: [0.14]
                                     nmb_crops: [2]
                                     nmb_prototypes: 3000
                                     queue_length: 0
                                     rank: 0
                                     seed: 31
                                     sinkhorn_iterations: 3
                                     size_crops: [224]
                                     start_warmup: 0
                                     sync_bn: pytorch
                                     syncbn_process_group_size: 8
                                     temperature: 0.1
                                     use_fp16: True
                                     warmup_epochs: 10
                                     wd: 0.0001
                                     workers: 10
                                     world_size: -1
INFO - 10/21/22 10:13:18 - 0:00:00 - The experiment will be stored in .
                                     

INFO - 10/21/22 10:13:44 - 0:00:00 - ============ Initialized logger ============
INFO - 10/21/22 10:13:44 - 0:00:00 - arch: resnet50
                                     base_lr: 0.03
                                     batch_size: 256
                                     checkpoint_freq: 25
                                     crops_for_assign: [0, 1]
                                     data_path: ./datasets/imagenet/
                                     dist_url: env://
                                     dump_checkpoints: ./checkpoints
                                     dump_path: .
                                     epoch_queue_starts: 15
                                     epochs: 100
                                     epsilon: 0.05
                                     feat_dim: 128
                                     final_lr: 0
                                     freeze_prototypes_niters: 313
                                     hidden_mlp: 2048
                                     local_rank: 0
                                     max_scale_crops: [1]
                                     min_scale_crops: [0.14]
                                     nmb_crops: [2]
                                     nmb_prototypes: 3000
                                     queue_length: 0
                                     rank: 0
                                     seed: 31
                                     sinkhorn_iterations: 3
                                     size_crops: [224]
                                     start_warmup: 0
                                     sync_bn: pytorch
                                     syncbn_process_group_size: 8
                                     temperature: 0.1
                                     use_fp16: True
                                     warmup_epochs: 10
                                     wd: 0.0001
                                     workers: 10
                                     world_size: -1
INFO - 10/21/22 10:13:44 - 0:00:00 - The experiment will be stored in .
                                     

INFO - 10/21/22 10:14:46 - 0:00:00 - ============ Initialized logger ============
INFO - 10/21/22 10:14:46 - 0:00:00 - arch: resnet50
                                     base_lr: 0.03
                                     batch_size: 256
                                     checkpoint_freq: 25
                                     crops_for_assign: [0, 1]
                                     data_path: datasets/imagenet
                                     dist_url: env://
                                     dump_checkpoints: ./checkpoints
                                     dump_path: .
                                     epoch_queue_starts: 15
                                     epochs: 100
                                     epsilon: 0.05
                                     feat_dim: 128
                                     final_lr: 0
                                     freeze_prototypes_niters: 313
                                     hidden_mlp: 2048
                                     local_rank: 0
                                     max_scale_crops: [1]
                                     min_scale_crops: [0.14]
                                     nmb_crops: [2]
                                     nmb_prototypes: 3000
                                     queue_length: 0
                                     rank: 0
                                     seed: 31
                                     sinkhorn_iterations: 3
                                     size_crops: [224]
                                     start_warmup: 0
                                     sync_bn: pytorch
                                     syncbn_process_group_size: 8
                                     temperature: 0.1
                                     use_fp16: True
                                     warmup_epochs: 10
                                     wd: 0.0001
                                     workers: 10
                                     world_size: -1
INFO - 10/21/22 10:14:46 - 0:00:00 - The experiment will be stored in .
                                     

INFO - 10/21/22 10:15:03 - 0:00:00 - ============ Initialized logger ============
INFO - 10/21/22 10:15:03 - 0:00:00 - arch: resnet50
                                     base_lr: 0.03
                                     batch_size: 256
                                     checkpoint_freq: 25
                                     crops_for_assign: [0, 1]
                                     data_path: /Users/chrisantuseze/Research/active-self-pretraining/datasets/imagenet
                                     dist_url: env://
                                     dump_checkpoints: ./checkpoints
                                     dump_path: .
                                     epoch_queue_starts: 15
                                     epochs: 100
                                     epsilon: 0.05
                                     feat_dim: 128
                                     final_lr: 0
                                     freeze_prototypes_niters: 313
                                     hidden_mlp: 2048
                                     local_rank: 0
                                     max_scale_crops: [1]
                                     min_scale_crops: [0.14]
                                     nmb_crops: [2]
                                     nmb_prototypes: 3000
                                     queue_length: 0
                                     rank: 0
                                     seed: 31
                                     sinkhorn_iterations: 3
                                     size_crops: [224]
                                     start_warmup: 0
                                     sync_bn: pytorch
                                     syncbn_process_group_size: 8
                                     temperature: 0.1
                                     use_fp16: True
                                     warmup_epochs: 10
                                     wd: 0.0001
                                     workers: 10
                                     world_size: -1
INFO - 10/21/22 10:15:03 - 0:00:00 - The experiment will be stored in .
                                     

INFO - 10/21/22 10:15:03 - 0:00:01 - Building data done with 120000 images loaded.
INFO - 10/21/22 10:50:57 - 0:00:00 - ============ Initialized logger ============
INFO - 10/21/22 10:50:57 - 0:00:00 - arch: resnet50
                                     base_lr: 0.03
                                     batch_size: 256
                                     checkpoint_freq: 25
                                     crops_for_assign: [0, 1]
                                     data_path: /Users/chrisantuseze/Research/active-self-pretraining/datasets/imagenet
                                     dist_url: env://
                                     dump_checkpoints: ./checkpoints
                                     dump_path: .
                                     epoch_queue_starts: 15
                                     epochs: 100
                                     epsilon: 0.05
                                     feat_dim: 128
                                     final_lr: 0
                                     freeze_prototypes_niters: 313
                                     hidden_mlp: 2048
                                     local_rank: 0
                                     max_scale_crops: [1]
                                     min_scale_crops: [0.14]
                                     nmb_crops: [2]
                                     nmb_prototypes: 3000
                                     queue_length: 0
                                     rank: 0
                                     seed: 31
                                     sinkhorn_iterations: 3
                                     size_crops: [224]
                                     start_warmup: 0
                                     sync_bn: pytorch
                                     syncbn_process_group_size: 8
                                     temperature: 0.1
                                     use_fp16: True
                                     warmup_epochs: 10
                                     wd: 0.0001
                                     workers: 10
                                     world_size: -1
INFO - 10/21/22 10:50:57 - 0:00:00 - The experiment will be stored in .
                                     

INFO - 10/21/22 10:50:58 - 0:00:01 - Building data done with 120000 images loaded.
INFO - 10/21/22 10:50:58 - 0:00:01 - ResNet(
                                       (padding): ConstantPad2d(padding=(1, 1, 1, 1), value=0.0)
                                       (conv1): Conv2d(3, 64, kernel_size=(7, 7), stride=(2, 2), padding=(2, 2), bias=False)
                                       (bn1): BatchNorm2d(64, eps=1e-05, momentum=0.1, affine=True, track_running_stats=True)
                                       (relu): ReLU(inplace=True)
                                       (maxpool): MaxPool2d(kernel_size=3, stride=2, padding=1, dilation=1, ceil_mode=False)
                                       (layer1): Sequential(
                                         (0): Bottleneck(
                                           (conv1): Conv2d(64, 64, kernel_size=(1, 1), stride=(1, 1), bias=False)
                                           (bn1): BatchNorm2d(64, eps=1e-05, momentum=0.1, affine=True, track_running_stats=True)
                                           (conv2): Conv2d(64, 64, kernel_size=(3, 3), stride=(1, 1), padding=(1, 1), bias=False)
                                           (bn2): BatchNorm2d(64, eps=1e-05, momentum=0.1, affine=True, track_running_stats=True)
                                           (conv3): Conv2d(64, 256, kernel_size=(1, 1), stride=(1, 1), bias=False)
                                           (bn3): BatchNorm2d(256, eps=1e-05, momentum=0.1, affine=True, track_running_stats=True)
                                           (relu): ReLU(inplace=True)
                                           (downsample): Sequential(
                                             (0): Conv2d(64, 256, kernel_size=(1, 1), stride=(1, 1), bias=False)
                                             (1): BatchNorm2d(256, eps=1e-05, momentum=0.1, affine=True, track_running_stats=True)
                                           )
                                         )
                                         (1): Bottleneck(
                                           (conv1): Conv2d(256, 64, kernel_size=(1, 1), stride=(1, 1), bias=False)
                                           (bn1): BatchNorm2d(64, eps=1e-05, momentum=0.1, affine=True, track_running_stats=True)
                                           (conv2): Conv2d(64, 64, kernel_size=(3, 3), stride=(1, 1), padding=(1, 1), bias=False)
                                           (bn2): BatchNorm2d(64, eps=1e-05, momentum=0.1, affine=True, track_running_stats=True)
                                           (conv3): Conv2d(64, 256, kernel_size=(1, 1), stride=(1, 1), bias=False)
                                           (bn3): BatchNorm2d(256, eps=1e-05, momentum=0.1, affine=True, track_running_stats=True)
                                           (relu): ReLU(inplace=True)
                                         )
                                         (2): Bottleneck(
                                           (conv1): Conv2d(256, 64, kernel_size=(1, 1), stride=(1, 1), bias=False)
                                           (bn1): BatchNorm2d(64, eps=1e-05, momentum=0.1, affine=True, track_running_stats=True)
                                           (conv2): Conv2d(64, 64, kernel_size=(3, 3), stride=(1, 1), padding=(1, 1), bias=False)
                                           (bn2): BatchNorm2d(64, eps=1e-05, momentum=0.1, affine=True, track_running_stats=True)
                                           (conv3): Conv2d(64, 256, kernel_size=(1, 1), stride=(1, 1), bias=False)
                                           (bn3): BatchNorm2d(256, eps=1e-05, momentum=0.1, affine=True, track_running_stats=True)
                                           (relu): ReLU(inplace=True)
                                         )
                                       )
                                       (layer2): Sequential(
                                         (0): Bottleneck(
                                           (conv1): Conv2d(256, 128, kernel_size=(1, 1), stride=(1, 1), bias=False)
                                           (bn1): BatchNorm2d(128, eps=1e-05, momentum=0.1, affine=True, track_running_stats=True)
                                           (conv2): Conv2d(128, 128, kernel_size=(3, 3), stride=(2, 2), padding=(1, 1), bias=False)
                                           (bn2): BatchNorm2d(128, eps=1e-05, momentum=0.1, affine=True, track_running_stats=True)
                                           (conv3): Conv2d(128, 512, kernel_size=(1, 1), stride=(1, 1), bias=False)
                                           (bn3): BatchNorm2d(512, eps=1e-05, momentum=0.1, affine=True, track_running_stats=True)
                                           (relu): ReLU(inplace=True)
                                           (downsample): Sequential(
                                             (0): Conv2d(256, 512, kernel_size=(1, 1), stride=(2, 2), bias=False)
                                             (1): BatchNorm2d(512, eps=1e-05, momentum=0.1, affine=True, track_running_stats=True)
                                           )
                                         )
                                         (1): Bottleneck(
                                           (conv1): Conv2d(512, 128, kernel_size=(1, 1), stride=(1, 1), bias=False)
                                           (bn1): BatchNorm2d(128, eps=1e-05, momentum=0.1, affine=True, track_running_stats=True)
                                           (conv2): Conv2d(128, 128, kernel_size=(3, 3), stride=(1, 1), padding=(1, 1), bias=False)
                                           (bn2): BatchNorm2d(128, eps=1e-05, momentum=0.1, affine=True, track_running_stats=True)
                                           (conv3): Conv2d(128, 512, kernel_size=(1, 1), stride=(1, 1), bias=False)
                                           (bn3): BatchNorm2d(512, eps=1e-05, momentum=0.1, affine=True, track_running_stats=True)
                                           (relu): ReLU(inplace=True)
                                         )
                                         (2): Bottleneck(
                                           (conv1): Conv2d(512, 128, kernel_size=(1, 1), stride=(1, 1), bias=False)
                                           (bn1): BatchNorm2d(128, eps=1e-05, momentum=0.1, affine=True, track_running_stats=True)
                                           (conv2): Conv2d(128, 128, kernel_size=(3, 3), stride=(1, 1), padding=(1, 1), bias=False)
                                           (bn2): BatchNorm2d(128, eps=1e-05, momentum=0.1, affine=True, track_running_stats=True)
                                           (conv3): Conv2d(128, 512, kernel_size=(1, 1), stride=(1, 1), bias=False)
                                           (bn3): BatchNorm2d(512, eps=1e-05, momentum=0.1, affine=True, track_running_stats=True)
                                           (relu): ReLU(inplace=True)
                                         )
                                         (3): Bottleneck(
                                           (conv1): Conv2d(512, 128, kernel_size=(1, 1), stride=(1, 1), bias=False)
                                           (bn1): BatchNorm2d(128, eps=1e-05, momentum=0.1, affine=True, track_running_stats=True)
                                           (conv2): Conv2d(128, 128, kernel_size=(3, 3), stride=(1, 1), padding=(1, 1), bias=False)
                                           (bn2): BatchNorm2d(128, eps=1e-05, momentum=0.1, affine=True, track_running_stats=True)
                                           (conv3): Conv2d(128, 512, kernel_size=(1, 1), stride=(1, 1), bias=False)
                                           (bn3): BatchNorm2d(512, eps=1e-05, momentum=0.1, affine=True, track_running_stats=True)
                                           (relu): ReLU(inplace=True)
                                         )
                                       )
                                       (layer3): Sequential(
                                         (0): Bottleneck(
                                           (conv1): Conv2d(512, 256, kernel_size=(1, 1), stride=(1, 1), bias=False)
                                           (bn1): BatchNorm2d(256, eps=1e-05, momentum=0.1, affine=True, track_running_stats=True)
                                           (conv2): Conv2d(256, 256, kernel_size=(3, 3), stride=(2, 2), padding=(1, 1), bias=False)
                                           (bn2): BatchNorm2d(256, eps=1e-05, momentum=0.1, affine=True, track_running_stats=True)
                                           (conv3): Conv2d(256, 1024, kernel_size=(1, 1), stride=(1, 1), bias=False)
                                           (bn3): BatchNorm2d(1024, eps=1e-05, momentum=0.1, affine=True, track_running_stats=True)
                                           (relu): ReLU(inplace=True)
                                           (downsample): Sequential(
                                             (0): Conv2d(512, 1024, kernel_size=(1, 1), stride=(2, 2), bias=False)
                                             (1): BatchNorm2d(1024, eps=1e-05, momentum=0.1, affine=True, track_running_stats=True)
                                           )
                                         )
                                         (1): Bottleneck(
                                           (conv1): Conv2d(1024, 256, kernel_size=(1, 1), stride=(1, 1), bias=False)
                                           (bn1): BatchNorm2d(256, eps=1e-05, momentum=0.1, affine=True, track_running_stats=True)
                                           (conv2): Conv2d(256, 256, kernel_size=(3, 3), stride=(1, 1), padding=(1, 1), bias=False)
                                           (bn2): BatchNorm2d(256, eps=1e-05, momentum=0.1, affine=True, track_running_stats=True)
                                           (conv3): Conv2d(256, 1024, kernel_size=(1, 1), stride=(1, 1), bias=False)
                                           (bn3): BatchNorm2d(1024, eps=1e-05, momentum=0.1, affine=True, track_running_stats=True)
                                           (relu): ReLU(inplace=True)
                                         )
                                         (2): Bottleneck(
                                           (conv1): Conv2d(1024, 256, kernel_size=(1, 1), stride=(1, 1), bias=False)
                                           (bn1): BatchNorm2d(256, eps=1e-05, momentum=0.1, affine=True, track_running_stats=True)
                                           (conv2): Conv2d(256, 256, kernel_size=(3, 3), stride=(1, 1), padding=(1, 1), bias=False)
                                           (bn2): BatchNorm2d(256, eps=1e-05, momentum=0.1, affine=True, track_running_stats=True)
                                           (conv3): Conv2d(256, 1024, kernel_size=(1, 1), stride=(1, 1), bias=False)
                                           (bn3): BatchNorm2d(1024, eps=1e-05, momentum=0.1, affine=True, track_running_stats=True)
                                           (relu): ReLU(inplace=True)
                                         )
                                         (3): Bottleneck(
                                           (conv1): Conv2d(1024, 256, kernel_size=(1, 1), stride=(1, 1), bias=False)
                                           (bn1): BatchNorm2d(256, eps=1e-05, momentum=0.1, affine=True, track_running_stats=True)
                                           (conv2): Conv2d(256, 256, kernel_size=(3, 3), stride=(1, 1), padding=(1, 1), bias=False)
                                           (bn2): BatchNorm2d(256, eps=1e-05, momentum=0.1, affine=True, track_running_stats=True)
                                           (conv3): Conv2d(256, 1024, kernel_size=(1, 1), stride=(1, 1), bias=False)
                                           (bn3): BatchNorm2d(1024, eps=1e-05, momentum=0.1, affine=True, track_running_stats=True)
                                           (relu): ReLU(inplace=True)
                                         )
                                         (4): Bottleneck(
                                           (conv1): Conv2d(1024, 256, kernel_size=(1, 1), stride=(1, 1), bias=False)
                                           (bn1): BatchNorm2d(256, eps=1e-05, momentum=0.1, affine=True, track_running_stats=True)
                                           (conv2): Conv2d(256, 256, kernel_size=(3, 3), stride=(1, 1), padding=(1, 1), bias=False)
                                           (bn2): BatchNorm2d(256, eps=1e-05, momentum=0.1, affine=True, track_running_stats=True)
                                           (conv3): Conv2d(256, 1024, kernel_size=(1, 1), stride=(1, 1), bias=False)
                                           (bn3): BatchNorm2d(1024, eps=1e-05, momentum=0.1, affine=True, track_running_stats=True)
                                           (relu): ReLU(inplace=True)
                                         )
                                         (5): Bottleneck(
                                           (conv1): Conv2d(1024, 256, kernel_size=(1, 1), stride=(1, 1), bias=False)
                                           (bn1): BatchNorm2d(256, eps=1e-05, momentum=0.1, affine=True, track_running_stats=True)
                                           (conv2): Conv2d(256, 256, kernel_size=(3, 3), stride=(1, 1), padding=(1, 1), bias=False)
                                           (bn2): BatchNorm2d(256, eps=1e-05, momentum=0.1, affine=True, track_running_stats=True)
                                           (conv3): Conv2d(256, 1024, kernel_size=(1, 1), stride=(1, 1), bias=False)
                                           (bn3): BatchNorm2d(1024, eps=1e-05, momentum=0.1, affine=True, track_running_stats=True)
                                           (relu): ReLU(inplace=True)
                                         )
                                       )
                                       (layer4): Sequential(
                                         (0): Bottleneck(
                                           (conv1): Conv2d(1024, 512, kernel_size=(1, 1), stride=(1, 1), bias=False)
                                           (bn1): BatchNorm2d(512, eps=1e-05, momentum=0.1, affine=True, track_running_stats=True)
                                           (conv2): Conv2d(512, 512, kernel_size=(3, 3), stride=(2, 2), padding=(1, 1), bias=False)
                                           (bn2): BatchNorm2d(512, eps=1e-05, momentum=0.1, affine=True, track_running_stats=True)
                                           (conv3): Conv2d(512, 2048, kernel_size=(1, 1), stride=(1, 1), bias=False)
                                           (bn3): BatchNorm2d(2048, eps=1e-05, momentum=0.1, affine=True, track_running_stats=True)
                                           (relu): ReLU(inplace=True)
                                           (downsample): Sequential(
                                             (0): Conv2d(1024, 2048, kernel_size=(1, 1), stride=(2, 2), bias=False)
                                             (1): BatchNorm2d(2048, eps=1e-05, momentum=0.1, affine=True, track_running_stats=True)
                                           )
                                         )
                                         (1): Bottleneck(
                                           (conv1): Conv2d(2048, 512, kernel_size=(1, 1), stride=(1, 1), bias=False)
                                           (bn1): BatchNorm2d(512, eps=1e-05, momentum=0.1, affine=True, track_running_stats=True)
                                           (conv2): Conv2d(512, 512, kernel_size=(3, 3), stride=(1, 1), padding=(1, 1), bias=False)
                                           (bn2): BatchNorm2d(512, eps=1e-05, momentum=0.1, affine=True, track_running_stats=True)
                                           (conv3): Conv2d(512, 2048, kernel_size=(1, 1), stride=(1, 1), bias=False)
                                           (bn3): BatchNorm2d(2048, eps=1e-05, momentum=0.1, affine=True, track_running_stats=True)
                                           (relu): ReLU(inplace=True)
                                         )
                                         (2): Bottleneck(
                                           (conv1): Conv2d(2048, 512, kernel_size=(1, 1), stride=(1, 1), bias=False)
                                           (bn1): BatchNorm2d(512, eps=1e-05, momentum=0.1, affine=True, track_running_stats=True)
                                           (conv2): Conv2d(512, 512, kernel_size=(3, 3), stride=(1, 1), padding=(1, 1), bias=False)
                                           (bn2): BatchNorm2d(512, eps=1e-05, momentum=0.1, affine=True, track_running_stats=True)
                                           (conv3): Conv2d(512, 2048, kernel_size=(1, 1), stride=(1, 1), bias=False)
                                           (bn3): BatchNorm2d(2048, eps=1e-05, momentum=0.1, affine=True, track_running_stats=True)
                                           (relu): ReLU(inplace=True)
                                         )
                                       )
                                       (avgpool): AdaptiveAvgPool2d(output_size=(1, 1))
                                       (projection_head): Sequential(
                                         (0): Linear(in_features=2048, out_features=2048, bias=True)
                                         (1): BatchNorm1d(2048, eps=1e-05, momentum=0.1, affine=True, track_running_stats=True)
                                         (2): ReLU(inplace=True)
                                         (3): Linear(in_features=2048, out_features=128, bias=True)
                                       )
                                       (prototypes): Linear(in_features=128, out_features=3000, bias=False)
                                     )
INFO - 10/21/22 10:50:58 - 0:00:01 - Building model done.
INFO - 10/21/22 10:51:21 - 0:00:00 - ============ Initialized logger ============
INFO - 10/21/22 10:51:21 - 0:00:00 - arch: resnet50
                                     base_lr: 0.03
                                     batch_size: 256
                                     checkpoint_freq: 25
                                     crops_for_assign: [0, 1]
                                     data_path: /Users/chrisantuseze/Research/active-self-pretraining/datasets/imagenet
                                     dist_url: env://
                                     dump_checkpoints: ./checkpoints
                                     dump_path: .
                                     epoch_queue_starts: 15
                                     epochs: 100
                                     epsilon: 0.05
                                     feat_dim: 128
                                     final_lr: 0
                                     freeze_prototypes_niters: 313
                                     hidden_mlp: 2048
                                     local_rank: 0
                                     max_scale_crops: [1]
                                     min_scale_crops: [0.14]
                                     nmb_crops: [2]
                                     nmb_prototypes: 3000
                                     queue_length: 0
                                     rank: 0
                                     seed: 31
                                     sinkhorn_iterations: 3
                                     size_crops: [224]
                                     start_warmup: 0
                                     sync_bn: pytorch
                                     syncbn_process_group_size: 8
                                     temperature: 0.1
                                     use_fp16: True
                                     warmup_epochs: 10
                                     wd: 0.0001
                                     workers: 10
                                     world_size: -1
INFO - 10/21/22 10:51:21 - 0:00:00 - The experiment will be stored in .
                                     

INFO - 10/21/22 10:51:22 - 0:00:01 - Building data done with 120000 images loaded.
INFO - 10/21/22 10:51:22 - 0:00:01 - ResNet(
                                       (padding): ConstantPad2d(padding=(1, 1, 1, 1), value=0.0)
                                       (conv1): Conv2d(3, 64, kernel_size=(7, 7), stride=(2, 2), padding=(2, 2), bias=False)
                                       (bn1): BatchNorm2d(64, eps=1e-05, momentum=0.1, affine=True, track_running_stats=True)
                                       (relu): ReLU(inplace=True)
                                       (maxpool): MaxPool2d(kernel_size=3, stride=2, padding=1, dilation=1, ceil_mode=False)
                                       (layer1): Sequential(
                                         (0): Bottleneck(
                                           (conv1): Conv2d(64, 64, kernel_size=(1, 1), stride=(1, 1), bias=False)
                                           (bn1): BatchNorm2d(64, eps=1e-05, momentum=0.1, affine=True, track_running_stats=True)
                                           (conv2): Conv2d(64, 64, kernel_size=(3, 3), stride=(1, 1), padding=(1, 1), bias=False)
                                           (bn2): BatchNorm2d(64, eps=1e-05, momentum=0.1, affine=True, track_running_stats=True)
                                           (conv3): Conv2d(64, 256, kernel_size=(1, 1), stride=(1, 1), bias=False)
                                           (bn3): BatchNorm2d(256, eps=1e-05, momentum=0.1, affine=True, track_running_stats=True)
                                           (relu): ReLU(inplace=True)
                                           (downsample): Sequential(
                                             (0): Conv2d(64, 256, kernel_size=(1, 1), stride=(1, 1), bias=False)
                                             (1): BatchNorm2d(256, eps=1e-05, momentum=0.1, affine=True, track_running_stats=True)
                                           )
                                         )
                                         (1): Bottleneck(
                                           (conv1): Conv2d(256, 64, kernel_size=(1, 1), stride=(1, 1), bias=False)
                                           (bn1): BatchNorm2d(64, eps=1e-05, momentum=0.1, affine=True, track_running_stats=True)
                                           (conv2): Conv2d(64, 64, kernel_size=(3, 3), stride=(1, 1), padding=(1, 1), bias=False)
                                           (bn2): BatchNorm2d(64, eps=1e-05, momentum=0.1, affine=True, track_running_stats=True)
                                           (conv3): Conv2d(64, 256, kernel_size=(1, 1), stride=(1, 1), bias=False)
                                           (bn3): BatchNorm2d(256, eps=1e-05, momentum=0.1, affine=True, track_running_stats=True)
                                           (relu): ReLU(inplace=True)
                                         )
                                         (2): Bottleneck(
                                           (conv1): Conv2d(256, 64, kernel_size=(1, 1), stride=(1, 1), bias=False)
                                           (bn1): BatchNorm2d(64, eps=1e-05, momentum=0.1, affine=True, track_running_stats=True)
                                           (conv2): Conv2d(64, 64, kernel_size=(3, 3), stride=(1, 1), padding=(1, 1), bias=False)
                                           (bn2): BatchNorm2d(64, eps=1e-05, momentum=0.1, affine=True, track_running_stats=True)
                                           (conv3): Conv2d(64, 256, kernel_size=(1, 1), stride=(1, 1), bias=False)
                                           (bn3): BatchNorm2d(256, eps=1e-05, momentum=0.1, affine=True, track_running_stats=True)
                                           (relu): ReLU(inplace=True)
                                         )
                                       )
                                       (layer2): Sequential(
                                         (0): Bottleneck(
                                           (conv1): Conv2d(256, 128, kernel_size=(1, 1), stride=(1, 1), bias=False)
                                           (bn1): BatchNorm2d(128, eps=1e-05, momentum=0.1, affine=True, track_running_stats=True)
                                           (conv2): Conv2d(128, 128, kernel_size=(3, 3), stride=(2, 2), padding=(1, 1), bias=False)
                                           (bn2): BatchNorm2d(128, eps=1e-05, momentum=0.1, affine=True, track_running_stats=True)
                                           (conv3): Conv2d(128, 512, kernel_size=(1, 1), stride=(1, 1), bias=False)
                                           (bn3): BatchNorm2d(512, eps=1e-05, momentum=0.1, affine=True, track_running_stats=True)
                                           (relu): ReLU(inplace=True)
                                           (downsample): Sequential(
                                             (0): Conv2d(256, 512, kernel_size=(1, 1), stride=(2, 2), bias=False)
                                             (1): BatchNorm2d(512, eps=1e-05, momentum=0.1, affine=True, track_running_stats=True)
                                           )
                                         )
                                         (1): Bottleneck(
                                           (conv1): Conv2d(512, 128, kernel_size=(1, 1), stride=(1, 1), bias=False)
                                           (bn1): BatchNorm2d(128, eps=1e-05, momentum=0.1, affine=True, track_running_stats=True)
                                           (conv2): Conv2d(128, 128, kernel_size=(3, 3), stride=(1, 1), padding=(1, 1), bias=False)
                                           (bn2): BatchNorm2d(128, eps=1e-05, momentum=0.1, affine=True, track_running_stats=True)
                                           (conv3): Conv2d(128, 512, kernel_size=(1, 1), stride=(1, 1), bias=False)
                                           (bn3): BatchNorm2d(512, eps=1e-05, momentum=0.1, affine=True, track_running_stats=True)
                                           (relu): ReLU(inplace=True)
                                         )
                                         (2): Bottleneck(
                                           (conv1): Conv2d(512, 128, kernel_size=(1, 1), stride=(1, 1), bias=False)
                                           (bn1): BatchNorm2d(128, eps=1e-05, momentum=0.1, affine=True, track_running_stats=True)
                                           (conv2): Conv2d(128, 128, kernel_size=(3, 3), stride=(1, 1), padding=(1, 1), bias=False)
                                           (bn2): BatchNorm2d(128, eps=1e-05, momentum=0.1, affine=True, track_running_stats=True)
                                           (conv3): Conv2d(128, 512, kernel_size=(1, 1), stride=(1, 1), bias=False)
                                           (bn3): BatchNorm2d(512, eps=1e-05, momentum=0.1, affine=True, track_running_stats=True)
                                           (relu): ReLU(inplace=True)
                                         )
                                         (3): Bottleneck(
                                           (conv1): Conv2d(512, 128, kernel_size=(1, 1), stride=(1, 1), bias=False)
                                           (bn1): BatchNorm2d(128, eps=1e-05, momentum=0.1, affine=True, track_running_stats=True)
                                           (conv2): Conv2d(128, 128, kernel_size=(3, 3), stride=(1, 1), padding=(1, 1), bias=False)
                                           (bn2): BatchNorm2d(128, eps=1e-05, momentum=0.1, affine=True, track_running_stats=True)
                                           (conv3): Conv2d(128, 512, kernel_size=(1, 1), stride=(1, 1), bias=False)
                                           (bn3): BatchNorm2d(512, eps=1e-05, momentum=0.1, affine=True, track_running_stats=True)
                                           (relu): ReLU(inplace=True)
                                         )
                                       )
                                       (layer3): Sequential(
                                         (0): Bottleneck(
                                           (conv1): Conv2d(512, 256, kernel_size=(1, 1), stride=(1, 1), bias=False)
                                           (bn1): BatchNorm2d(256, eps=1e-05, momentum=0.1, affine=True, track_running_stats=True)
                                           (conv2): Conv2d(256, 256, kernel_size=(3, 3), stride=(2, 2), padding=(1, 1), bias=False)
                                           (bn2): BatchNorm2d(256, eps=1e-05, momentum=0.1, affine=True, track_running_stats=True)
                                           (conv3): Conv2d(256, 1024, kernel_size=(1, 1), stride=(1, 1), bias=False)
                                           (bn3): BatchNorm2d(1024, eps=1e-05, momentum=0.1, affine=True, track_running_stats=True)
                                           (relu): ReLU(inplace=True)
                                           (downsample): Sequential(
                                             (0): Conv2d(512, 1024, kernel_size=(1, 1), stride=(2, 2), bias=False)
                                             (1): BatchNorm2d(1024, eps=1e-05, momentum=0.1, affine=True, track_running_stats=True)
                                           )
                                         )
                                         (1): Bottleneck(
                                           (conv1): Conv2d(1024, 256, kernel_size=(1, 1), stride=(1, 1), bias=False)
                                           (bn1): BatchNorm2d(256, eps=1e-05, momentum=0.1, affine=True, track_running_stats=True)
                                           (conv2): Conv2d(256, 256, kernel_size=(3, 3), stride=(1, 1), padding=(1, 1), bias=False)
                                           (bn2): BatchNorm2d(256, eps=1e-05, momentum=0.1, affine=True, track_running_stats=True)
                                           (conv3): Conv2d(256, 1024, kernel_size=(1, 1), stride=(1, 1), bias=False)
                                           (bn3): BatchNorm2d(1024, eps=1e-05, momentum=0.1, affine=True, track_running_stats=True)
                                           (relu): ReLU(inplace=True)
                                         )
                                         (2): Bottleneck(
                                           (conv1): Conv2d(1024, 256, kernel_size=(1, 1), stride=(1, 1), bias=False)
                                           (bn1): BatchNorm2d(256, eps=1e-05, momentum=0.1, affine=True, track_running_stats=True)
                                           (conv2): Conv2d(256, 256, kernel_size=(3, 3), stride=(1, 1), padding=(1, 1), bias=False)
                                           (bn2): BatchNorm2d(256, eps=1e-05, momentum=0.1, affine=True, track_running_stats=True)
                                           (conv3): Conv2d(256, 1024, kernel_size=(1, 1), stride=(1, 1), bias=False)
                                           (bn3): BatchNorm2d(1024, eps=1e-05, momentum=0.1, affine=True, track_running_stats=True)
                                           (relu): ReLU(inplace=True)
                                         )
                                         (3): Bottleneck(
                                           (conv1): Conv2d(1024, 256, kernel_size=(1, 1), stride=(1, 1), bias=False)
                                           (bn1): BatchNorm2d(256, eps=1e-05, momentum=0.1, affine=True, track_running_stats=True)
                                           (conv2): Conv2d(256, 256, kernel_size=(3, 3), stride=(1, 1), padding=(1, 1), bias=False)
                                           (bn2): BatchNorm2d(256, eps=1e-05, momentum=0.1, affine=True, track_running_stats=True)
                                           (conv3): Conv2d(256, 1024, kernel_size=(1, 1), stride=(1, 1), bias=False)
                                           (bn3): BatchNorm2d(1024, eps=1e-05, momentum=0.1, affine=True, track_running_stats=True)
                                           (relu): ReLU(inplace=True)
                                         )
                                         (4): Bottleneck(
                                           (conv1): Conv2d(1024, 256, kernel_size=(1, 1), stride=(1, 1), bias=False)
                                           (bn1): BatchNorm2d(256, eps=1e-05, momentum=0.1, affine=True, track_running_stats=True)
                                           (conv2): Conv2d(256, 256, kernel_size=(3, 3), stride=(1, 1), padding=(1, 1), bias=False)
                                           (bn2): BatchNorm2d(256, eps=1e-05, momentum=0.1, affine=True, track_running_stats=True)
                                           (conv3): Conv2d(256, 1024, kernel_size=(1, 1), stride=(1, 1), bias=False)
                                           (bn3): BatchNorm2d(1024, eps=1e-05, momentum=0.1, affine=True, track_running_stats=True)
                                           (relu): ReLU(inplace=True)
                                         )
                                         (5): Bottleneck(
                                           (conv1): Conv2d(1024, 256, kernel_size=(1, 1), stride=(1, 1), bias=False)
                                           (bn1): BatchNorm2d(256, eps=1e-05, momentum=0.1, affine=True, track_running_stats=True)
                                           (conv2): Conv2d(256, 256, kernel_size=(3, 3), stride=(1, 1), padding=(1, 1), bias=False)
                                           (bn2): BatchNorm2d(256, eps=1e-05, momentum=0.1, affine=True, track_running_stats=True)
                                           (conv3): Conv2d(256, 1024, kernel_size=(1, 1), stride=(1, 1), bias=False)
                                           (bn3): BatchNorm2d(1024, eps=1e-05, momentum=0.1, affine=True, track_running_stats=True)
                                           (relu): ReLU(inplace=True)
                                         )
                                       )
                                       (layer4): Sequential(
                                         (0): Bottleneck(
                                           (conv1): Conv2d(1024, 512, kernel_size=(1, 1), stride=(1, 1), bias=False)
                                           (bn1): BatchNorm2d(512, eps=1e-05, momentum=0.1, affine=True, track_running_stats=True)
                                           (conv2): Conv2d(512, 512, kernel_size=(3, 3), stride=(2, 2), padding=(1, 1), bias=False)
                                           (bn2): BatchNorm2d(512, eps=1e-05, momentum=0.1, affine=True, track_running_stats=True)
                                           (conv3): Conv2d(512, 2048, kernel_size=(1, 1), stride=(1, 1), bias=False)
                                           (bn3): BatchNorm2d(2048, eps=1e-05, momentum=0.1, affine=True, track_running_stats=True)
                                           (relu): ReLU(inplace=True)
                                           (downsample): Sequential(
                                             (0): Conv2d(1024, 2048, kernel_size=(1, 1), stride=(2, 2), bias=False)
                                             (1): BatchNorm2d(2048, eps=1e-05, momentum=0.1, affine=True, track_running_stats=True)
                                           )
                                         )
                                         (1): Bottleneck(
                                           (conv1): Conv2d(2048, 512, kernel_size=(1, 1), stride=(1, 1), bias=False)
                                           (bn1): BatchNorm2d(512, eps=1e-05, momentum=0.1, affine=True, track_running_stats=True)
                                           (conv2): Conv2d(512, 512, kernel_size=(3, 3), stride=(1, 1), padding=(1, 1), bias=False)
                                           (bn2): BatchNorm2d(512, eps=1e-05, momentum=0.1, affine=True, track_running_stats=True)
                                           (conv3): Conv2d(512, 2048, kernel_size=(1, 1), stride=(1, 1), bias=False)
                                           (bn3): BatchNorm2d(2048, eps=1e-05, momentum=0.1, affine=True, track_running_stats=True)
                                           (relu): ReLU(inplace=True)
                                         )
                                         (2): Bottleneck(
                                           (conv1): Conv2d(2048, 512, kernel_size=(1, 1), stride=(1, 1), bias=False)
                                           (bn1): BatchNorm2d(512, eps=1e-05, momentum=0.1, affine=True, track_running_stats=True)
                                           (conv2): Conv2d(512, 512, kernel_size=(3, 3), stride=(1, 1), padding=(1, 1), bias=False)
                                           (bn2): BatchNorm2d(512, eps=1e-05, momentum=0.1, affine=True, track_running_stats=True)
                                           (conv3): Conv2d(512, 2048, kernel_size=(1, 1), stride=(1, 1), bias=False)
                                           (bn3): BatchNorm2d(2048, eps=1e-05, momentum=0.1, affine=True, track_running_stats=True)
                                           (relu): ReLU(inplace=True)
                                         )
                                       )
                                       (avgpool): AdaptiveAvgPool2d(output_size=(1, 1))
                                       (projection_head): Sequential(
                                         (0): Linear(in_features=2048, out_features=2048, bias=True)
                                         (1): BatchNorm1d(2048, eps=1e-05, momentum=0.1, affine=True, track_running_stats=True)
                                         (2): ReLU(inplace=True)
                                         (3): Linear(in_features=2048, out_features=128, bias=True)
                                       )
                                       (prototypes): Linear(in_features=128, out_features=3000, bias=False)
                                     )
INFO - 10/21/22 10:51:22 - 0:00:01 - Building model done.
INFO - 10/21/22 10:51:22 - 0:00:01 - Building optimizer done.
INFO - 10/21/22 10:51:22 - 0:00:01 - ============ Starting epoch 0 ... ============
INFO - 10/21/22 10:52:15 - 0:00:00 - ============ Initialized logger ============
INFO - 10/21/22 10:52:15 - 0:00:00 - arch: resnet50
                                     base_lr: 0.03
                                     batch_size: 256
                                     checkpoint_freq: 25
                                     crops_for_assign: [0, 1]
                                     data_path: /Users/chrisantuseze/Research/active-self-pretraining/datasets/imagenet
                                     dist_url: env://
                                     dump_checkpoints: ./checkpoints
                                     dump_path: .
                                     epoch_queue_starts: 15
                                     epochs: 100
                                     epsilon: 0.05
                                     feat_dim: 128
                                     final_lr: 0
                                     freeze_prototypes_niters: 313
                                     hidden_mlp: 2048
                                     local_rank: 0
                                     max_scale_crops: [1]
                                     min_scale_crops: [0.14]
                                     nmb_crops: [2]
                                     nmb_prototypes: 3000
                                     queue_length: 0
                                     rank: 0
                                     seed: 31
                                     sinkhorn_iterations: 3
                                     size_crops: [224]
                                     start_warmup: 0
                                     sync_bn: pytorch
                                     syncbn_process_group_size: 8
                                     temperature: 0.1
                                     use_fp16: True
                                     warmup_epochs: 10
                                     wd: 0.0001
                                     workers: 10
                                     world_size: -1
INFO - 10/21/22 10:52:15 - 0:00:00 - The experiment will be stored in .
                                     

INFO - 10/21/22 10:52:16 - 0:00:01 - Building data done with 120000 images loaded.
INFO - 10/21/22 10:52:16 - 0:00:01 - ResNet(
                                       (padding): ConstantPad2d(padding=(1, 1, 1, 1), value=0.0)
                                       (conv1): Conv2d(3, 64, kernel_size=(7, 7), stride=(2, 2), padding=(2, 2), bias=False)
                                       (bn1): BatchNorm2d(64, eps=1e-05, momentum=0.1, affine=True, track_running_stats=True)
                                       (relu): ReLU(inplace=True)
                                       (maxpool): MaxPool2d(kernel_size=3, stride=2, padding=1, dilation=1, ceil_mode=False)
                                       (layer1): Sequential(
                                         (0): Bottleneck(
                                           (conv1): Conv2d(64, 64, kernel_size=(1, 1), stride=(1, 1), bias=False)
                                           (bn1): BatchNorm2d(64, eps=1e-05, momentum=0.1, affine=True, track_running_stats=True)
                                           (conv2): Conv2d(64, 64, kernel_size=(3, 3), stride=(1, 1), padding=(1, 1), bias=False)
                                           (bn2): BatchNorm2d(64, eps=1e-05, momentum=0.1, affine=True, track_running_stats=True)
                                           (conv3): Conv2d(64, 256, kernel_size=(1, 1), stride=(1, 1), bias=False)
                                           (bn3): BatchNorm2d(256, eps=1e-05, momentum=0.1, affine=True, track_running_stats=True)
                                           (relu): ReLU(inplace=True)
                                           (downsample): Sequential(
                                             (0): Conv2d(64, 256, kernel_size=(1, 1), stride=(1, 1), bias=False)
                                             (1): BatchNorm2d(256, eps=1e-05, momentum=0.1, affine=True, track_running_stats=True)
                                           )
                                         )
                                         (1): Bottleneck(
                                           (conv1): Conv2d(256, 64, kernel_size=(1, 1), stride=(1, 1), bias=False)
                                           (bn1): BatchNorm2d(64, eps=1e-05, momentum=0.1, affine=True, track_running_stats=True)
                                           (conv2): Conv2d(64, 64, kernel_size=(3, 3), stride=(1, 1), padding=(1, 1), bias=False)
                                           (bn2): BatchNorm2d(64, eps=1e-05, momentum=0.1, affine=True, track_running_stats=True)
                                           (conv3): Conv2d(64, 256, kernel_size=(1, 1), stride=(1, 1), bias=False)
                                           (bn3): BatchNorm2d(256, eps=1e-05, momentum=0.1, affine=True, track_running_stats=True)
                                           (relu): ReLU(inplace=True)
                                         )
                                         (2): Bottleneck(
                                           (conv1): Conv2d(256, 64, kernel_size=(1, 1), stride=(1, 1), bias=False)
                                           (bn1): BatchNorm2d(64, eps=1e-05, momentum=0.1, affine=True, track_running_stats=True)
                                           (conv2): Conv2d(64, 64, kernel_size=(3, 3), stride=(1, 1), padding=(1, 1), bias=False)
                                           (bn2): BatchNorm2d(64, eps=1e-05, momentum=0.1, affine=True, track_running_stats=True)
                                           (conv3): Conv2d(64, 256, kernel_size=(1, 1), stride=(1, 1), bias=False)
                                           (bn3): BatchNorm2d(256, eps=1e-05, momentum=0.1, affine=True, track_running_stats=True)
                                           (relu): ReLU(inplace=True)
                                         )
                                       )
                                       (layer2): Sequential(
                                         (0): Bottleneck(
                                           (conv1): Conv2d(256, 128, kernel_size=(1, 1), stride=(1, 1), bias=False)
                                           (bn1): BatchNorm2d(128, eps=1e-05, momentum=0.1, affine=True, track_running_stats=True)
                                           (conv2): Conv2d(128, 128, kernel_size=(3, 3), stride=(2, 2), padding=(1, 1), bias=False)
                                           (bn2): BatchNorm2d(128, eps=1e-05, momentum=0.1, affine=True, track_running_stats=True)
                                           (conv3): Conv2d(128, 512, kernel_size=(1, 1), stride=(1, 1), bias=False)
                                           (bn3): BatchNorm2d(512, eps=1e-05, momentum=0.1, affine=True, track_running_stats=True)
                                           (relu): ReLU(inplace=True)
                                           (downsample): Sequential(
                                             (0): Conv2d(256, 512, kernel_size=(1, 1), stride=(2, 2), bias=False)
                                             (1): BatchNorm2d(512, eps=1e-05, momentum=0.1, affine=True, track_running_stats=True)
                                           )
                                         )
                                         (1): Bottleneck(
                                           (conv1): Conv2d(512, 128, kernel_size=(1, 1), stride=(1, 1), bias=False)
                                           (bn1): BatchNorm2d(128, eps=1e-05, momentum=0.1, affine=True, track_running_stats=True)
                                           (conv2): Conv2d(128, 128, kernel_size=(3, 3), stride=(1, 1), padding=(1, 1), bias=False)
                                           (bn2): BatchNorm2d(128, eps=1e-05, momentum=0.1, affine=True, track_running_stats=True)
                                           (conv3): Conv2d(128, 512, kernel_size=(1, 1), stride=(1, 1), bias=False)
                                           (bn3): BatchNorm2d(512, eps=1e-05, momentum=0.1, affine=True, track_running_stats=True)
                                           (relu): ReLU(inplace=True)
                                         )
                                         (2): Bottleneck(
                                           (conv1): Conv2d(512, 128, kernel_size=(1, 1), stride=(1, 1), bias=False)
                                           (bn1): BatchNorm2d(128, eps=1e-05, momentum=0.1, affine=True, track_running_stats=True)
                                           (conv2): Conv2d(128, 128, kernel_size=(3, 3), stride=(1, 1), padding=(1, 1), bias=False)
                                           (bn2): BatchNorm2d(128, eps=1e-05, momentum=0.1, affine=True, track_running_stats=True)
                                           (conv3): Conv2d(128, 512, kernel_size=(1, 1), stride=(1, 1), bias=False)
                                           (bn3): BatchNorm2d(512, eps=1e-05, momentum=0.1, affine=True, track_running_stats=True)
                                           (relu): ReLU(inplace=True)
                                         )
                                         (3): Bottleneck(
                                           (conv1): Conv2d(512, 128, kernel_size=(1, 1), stride=(1, 1), bias=False)
                                           (bn1): BatchNorm2d(128, eps=1e-05, momentum=0.1, affine=True, track_running_stats=True)
                                           (conv2): Conv2d(128, 128, kernel_size=(3, 3), stride=(1, 1), padding=(1, 1), bias=False)
                                           (bn2): BatchNorm2d(128, eps=1e-05, momentum=0.1, affine=True, track_running_stats=True)
                                           (conv3): Conv2d(128, 512, kernel_size=(1, 1), stride=(1, 1), bias=False)
                                           (bn3): BatchNorm2d(512, eps=1e-05, momentum=0.1, affine=True, track_running_stats=True)
                                           (relu): ReLU(inplace=True)
                                         )
                                       )
                                       (layer3): Sequential(
                                         (0): Bottleneck(
                                           (conv1): Conv2d(512, 256, kernel_size=(1, 1), stride=(1, 1), bias=False)
                                           (bn1): BatchNorm2d(256, eps=1e-05, momentum=0.1, affine=True, track_running_stats=True)
                                           (conv2): Conv2d(256, 256, kernel_size=(3, 3), stride=(2, 2), padding=(1, 1), bias=False)
                                           (bn2): BatchNorm2d(256, eps=1e-05, momentum=0.1, affine=True, track_running_stats=True)
                                           (conv3): Conv2d(256, 1024, kernel_size=(1, 1), stride=(1, 1), bias=False)
                                           (bn3): BatchNorm2d(1024, eps=1e-05, momentum=0.1, affine=True, track_running_stats=True)
                                           (relu): ReLU(inplace=True)
                                           (downsample): Sequential(
                                             (0): Conv2d(512, 1024, kernel_size=(1, 1), stride=(2, 2), bias=False)
                                             (1): BatchNorm2d(1024, eps=1e-05, momentum=0.1, affine=True, track_running_stats=True)
                                           )
                                         )
                                         (1): Bottleneck(
                                           (conv1): Conv2d(1024, 256, kernel_size=(1, 1), stride=(1, 1), bias=False)
                                           (bn1): BatchNorm2d(256, eps=1e-05, momentum=0.1, affine=True, track_running_stats=True)
                                           (conv2): Conv2d(256, 256, kernel_size=(3, 3), stride=(1, 1), padding=(1, 1), bias=False)
                                           (bn2): BatchNorm2d(256, eps=1e-05, momentum=0.1, affine=True, track_running_stats=True)
                                           (conv3): Conv2d(256, 1024, kernel_size=(1, 1), stride=(1, 1), bias=False)
                                           (bn3): BatchNorm2d(1024, eps=1e-05, momentum=0.1, affine=True, track_running_stats=True)
                                           (relu): ReLU(inplace=True)
                                         )
                                         (2): Bottleneck(
                                           (conv1): Conv2d(1024, 256, kernel_size=(1, 1), stride=(1, 1), bias=False)
                                           (bn1): BatchNorm2d(256, eps=1e-05, momentum=0.1, affine=True, track_running_stats=True)
                                           (conv2): Conv2d(256, 256, kernel_size=(3, 3), stride=(1, 1), padding=(1, 1), bias=False)
                                           (bn2): BatchNorm2d(256, eps=1e-05, momentum=0.1, affine=True, track_running_stats=True)
                                           (conv3): Conv2d(256, 1024, kernel_size=(1, 1), stride=(1, 1), bias=False)
                                           (bn3): BatchNorm2d(1024, eps=1e-05, momentum=0.1, affine=True, track_running_stats=True)
                                           (relu): ReLU(inplace=True)
                                         )
                                         (3): Bottleneck(
                                           (conv1): Conv2d(1024, 256, kernel_size=(1, 1), stride=(1, 1), bias=False)
                                           (bn1): BatchNorm2d(256, eps=1e-05, momentum=0.1, affine=True, track_running_stats=True)
                                           (conv2): Conv2d(256, 256, kernel_size=(3, 3), stride=(1, 1), padding=(1, 1), bias=False)
                                           (bn2): BatchNorm2d(256, eps=1e-05, momentum=0.1, affine=True, track_running_stats=True)
                                           (conv3): Conv2d(256, 1024, kernel_size=(1, 1), stride=(1, 1), bias=False)
                                           (bn3): BatchNorm2d(1024, eps=1e-05, momentum=0.1, affine=True, track_running_stats=True)
                                           (relu): ReLU(inplace=True)
                                         )
                                         (4): Bottleneck(
                                           (conv1): Conv2d(1024, 256, kernel_size=(1, 1), stride=(1, 1), bias=False)
                                           (bn1): BatchNorm2d(256, eps=1e-05, momentum=0.1, affine=True, track_running_stats=True)
                                           (conv2): Conv2d(256, 256, kernel_size=(3, 3), stride=(1, 1), padding=(1, 1), bias=False)
                                           (bn2): BatchNorm2d(256, eps=1e-05, momentum=0.1, affine=True, track_running_stats=True)
                                           (conv3): Conv2d(256, 1024, kernel_size=(1, 1), stride=(1, 1), bias=False)
                                           (bn3): BatchNorm2d(1024, eps=1e-05, momentum=0.1, affine=True, track_running_stats=True)
                                           (relu): ReLU(inplace=True)
                                         )
                                         (5): Bottleneck(
                                           (conv1): Conv2d(1024, 256, kernel_size=(1, 1), stride=(1, 1), bias=False)
                                           (bn1): BatchNorm2d(256, eps=1e-05, momentum=0.1, affine=True, track_running_stats=True)
                                           (conv2): Conv2d(256, 256, kernel_size=(3, 3), stride=(1, 1), padding=(1, 1), bias=False)
                                           (bn2): BatchNorm2d(256, eps=1e-05, momentum=0.1, affine=True, track_running_stats=True)
                                           (conv3): Conv2d(256, 1024, kernel_size=(1, 1), stride=(1, 1), bias=False)
                                           (bn3): BatchNorm2d(1024, eps=1e-05, momentum=0.1, affine=True, track_running_stats=True)
                                           (relu): ReLU(inplace=True)
                                         )
                                       )
                                       (layer4): Sequential(
                                         (0): Bottleneck(
                                           (conv1): Conv2d(1024, 512, kernel_size=(1, 1), stride=(1, 1), bias=False)
                                           (bn1): BatchNorm2d(512, eps=1e-05, momentum=0.1, affine=True, track_running_stats=True)
                                           (conv2): Conv2d(512, 512, kernel_size=(3, 3), stride=(2, 2), padding=(1, 1), bias=False)
                                           (bn2): BatchNorm2d(512, eps=1e-05, momentum=0.1, affine=True, track_running_stats=True)
                                           (conv3): Conv2d(512, 2048, kernel_size=(1, 1), stride=(1, 1), bias=False)
                                           (bn3): BatchNorm2d(2048, eps=1e-05, momentum=0.1, affine=True, track_running_stats=True)
                                           (relu): ReLU(inplace=True)
                                           (downsample): Sequential(
                                             (0): Conv2d(1024, 2048, kernel_size=(1, 1), stride=(2, 2), bias=False)
                                             (1): BatchNorm2d(2048, eps=1e-05, momentum=0.1, affine=True, track_running_stats=True)
                                           )
                                         )
                                         (1): Bottleneck(
                                           (conv1): Conv2d(2048, 512, kernel_size=(1, 1), stride=(1, 1), bias=False)
                                           (bn1): BatchNorm2d(512, eps=1e-05, momentum=0.1, affine=True, track_running_stats=True)
                                           (conv2): Conv2d(512, 512, kernel_size=(3, 3), stride=(1, 1), padding=(1, 1), bias=False)
                                           (bn2): BatchNorm2d(512, eps=1e-05, momentum=0.1, affine=True, track_running_stats=True)
                                           (conv3): Conv2d(512, 2048, kernel_size=(1, 1), stride=(1, 1), bias=False)
                                           (bn3): BatchNorm2d(2048, eps=1e-05, momentum=0.1, affine=True, track_running_stats=True)
                                           (relu): ReLU(inplace=True)
                                         )
                                         (2): Bottleneck(
                                           (conv1): Conv2d(2048, 512, kernel_size=(1, 1), stride=(1, 1), bias=False)
                                           (bn1): BatchNorm2d(512, eps=1e-05, momentum=0.1, affine=True, track_running_stats=True)
                                           (conv2): Conv2d(512, 512, kernel_size=(3, 3), stride=(1, 1), padding=(1, 1), bias=False)
                                           (bn2): BatchNorm2d(512, eps=1e-05, momentum=0.1, affine=True, track_running_stats=True)
                                           (conv3): Conv2d(512, 2048, kernel_size=(1, 1), stride=(1, 1), bias=False)
                                           (bn3): BatchNorm2d(2048, eps=1e-05, momentum=0.1, affine=True, track_running_stats=True)
                                           (relu): ReLU(inplace=True)
                                         )
                                       )
                                       (avgpool): AdaptiveAvgPool2d(output_size=(1, 1))
                                       (projection_head): Sequential(
                                         (0): Linear(in_features=2048, out_features=2048, bias=True)
                                         (1): BatchNorm1d(2048, eps=1e-05, momentum=0.1, affine=True, track_running_stats=True)
                                         (2): ReLU(inplace=True)
                                         (3): Linear(in_features=2048, out_features=128, bias=True)
                                       )
                                       (prototypes): Linear(in_features=128, out_features=3000, bias=False)
                                     )
INFO - 10/21/22 10:52:16 - 0:00:01 - Building model done.
INFO - 10/21/22 10:52:16 - 0:00:02 - Building optimizer done.
INFO - 10/21/22 10:52:16 - 0:00:02 - ============ Starting epoch 0 ... ============
