11-13-2022 10:22:17 AM INFO CASL started...
11-13-2022 10:22:17 AM INFO Beginning training the proxy
11-13-2022 10:22:20 AM INFO 
Epoch 0/5
11-13-2022 10:22:20 AM INFO ----------
11-13-2022 10:22:21 AM INFO Step [0/160]	 Loss: 4.260499000549316
11-13-2022 10:24:38 AM INFO Train Loss: 4.2472
11-13-2022 10:24:38 AM INFO 
Epoch 1/5
11-13-2022 10:24:38 AM INFO ----------
11-13-2022 10:24:39 AM INFO Step [0/160]	 Loss: 4.247560501098633
11-13-2022 10:26:58 AM INFO Train Loss: 4.2437
11-13-2022 10:26:58 AM INFO 
Epoch 2/5
11-13-2022 10:26:58 AM INFO ----------
11-13-2022 10:26:59 AM INFO Step [0/160]	 Loss: 4.235053062438965
11-13-2022 10:29:19 AM INFO Train Loss: 4.2402
11-13-2022 10:29:19 AM INFO 
Epoch 3/5
11-13-2022 10:29:19 AM INFO ----------
11-13-2022 10:29:19 AM INFO Step [0/160]	 Loss: 4.238102912902832
11-13-2022 10:31:39 AM INFO Train Loss: 4.2425
11-13-2022 10:31:39 AM INFO 
Epoch 4/5
11-13-2022 10:31:39 AM INFO ----------
11-13-2022 10:31:40 AM INFO Step [0/160]	 Loss: 4.243782043457031
11-13-2022 10:34:00 AM INFO Train Loss: 4.2429
11-13-2022 10:34:01 AM INFO >> Getting previous checkpoint for batch 2
11-13-2022 10:34:02 AM INFO Generating the top1 scores
11-13-2022 10:34:25 AM INFO Step [100/200]
11-13-2022 10:34:48 AM INFO Beginning training the proxy
11-13-2022 10:34:48 AM INFO 
Epoch 0/5
11-13-2022 10:34:48 AM INFO ----------
11-13-2022 10:34:49 AM INFO Step [0/320]	 Loss: 4.255921840667725
11-13-2022 10:38:30 AM INFO Step [250/320]	 Loss: 4.246205242506536
11-13-2022 10:39:30 AM INFO Train Loss: 4.2452
11-13-2022 10:39:30 AM INFO 
Epoch 1/5
11-13-2022 10:39:30 AM INFO ----------
11-13-2022 10:39:31 AM INFO Step [0/320]	 Loss: 4.2558088302612305
11-13-2022 10:43:11 AM INFO Step [250/320]	 Loss: 4.243428927493761
11-13-2022 10:44:12 AM INFO Train Loss: 4.2434
11-13-2022 10:44:12 AM INFO 
Epoch 2/5
11-13-2022 10:44:12 AM INFO ----------
11-13-2022 10:44:12 AM INFO Step [0/320]	 Loss: 4.2604875564575195
11-13-2022 10:47:53 AM INFO Step [250/320]	 Loss: 4.243381688319355
11-13-2022 10:48:53 AM INFO Train Loss: 4.2442
11-13-2022 10:48:53 AM INFO 
Epoch 3/5
11-13-2022 10:48:53 AM INFO ----------
11-13-2022 10:48:54 AM INFO Step [0/320]	 Loss: 4.247684955596924
11-13-2022 10:52:34 AM INFO Step [250/320]	 Loss: 4.241414336094343
11-13-2022 10:53:35 AM INFO Train Loss: 4.2405
11-13-2022 10:53:35 AM INFO 
Epoch 4/5
11-13-2022 10:53:35 AM INFO ----------
11-13-2022 10:53:35 AM INFO Step [0/320]	 Loss: 4.246832847595215
11-13-2022 10:57:16 AM INFO Step [250/320]	 Loss: 4.240001376406605
11-13-2022 10:58:16 AM INFO Train Loss: 4.2399
11-13-2022 10:58:17 AM INFO >> Getting previous checkpoint for batch 3
11-13-2022 10:58:18 AM INFO Generating the top1 scores
11-13-2022 10:58:41 AM INFO Step [100/200]
11-13-2022 10:59:03 AM INFO Beginning training the proxy
11-13-2022 10:59:03 AM INFO 
Epoch 0/5
11-13-2022 10:59:03 AM INFO ----------
11-13-2022 10:59:04 AM INFO Step [0/480]	 Loss: 4.251086235046387
11-13-2022 11:02:45 AM INFO Step [250/480]	 Loss: 4.244944355877272
11-13-2022 11:06:06 AM INFO Train Loss: 4.2436
11-13-2022 11:06:06 AM INFO 
Epoch 1/5
11-13-2022 11:06:06 AM INFO ----------
11-13-2022 11:06:07 AM INFO Step [0/480]	 Loss: 4.242105484008789
11-13-2022 11:09:47 AM INFO Step [250/480]	 Loss: 4.240691323679282
11-13-2022 11:13:08 AM INFO Train Loss: 4.2406
11-13-2022 11:13:08 AM INFO 
Epoch 2/5
11-13-2022 11:13:08 AM INFO ----------
11-13-2022 11:13:09 AM INFO Step [0/480]	 Loss: 4.235592842102051
11-13-2022 11:16:49 AM INFO Step [250/480]	 Loss: 4.240255418526699
